<?xml version="1.0" encoding="UTF-8"?>
<testsuite xmlns:xsi="http://www.w3.org/2001/XMLSchema-instance" xsi:noNamespaceSchemaLocation="https://maven.apache.org/surefire/maven-surefire-plugin/xsd/surefire-test-report.xsd" name="TestSuite" time="215.663" tests="6" errors="0" skipped="3" failures="2">
  <properties>
[...]
</properties>
  <testcase name="loginErrorValidation" classname="UIAutomation.ErrorValidationTest" time="3.7"/>
  <testcase name="submitOrder" classname="UIAutomation.SubmitOrderTest" time="10.065">
    <failure message="element click intercepted: Element &lt;button _ngcontent-ftj-c33=&quot;&quot; routerlink=&quot;/dashboard/cart&quot; class=&quot;btn btn-custom&quot; style=&quot;margin-top: -10px;&quot; tabindex=&quot;0&quot;&gt;...&lt;/button&gt; is not clickable at point (1107, 27). Other element would receive the click: &lt;div _ngcontent-ftj-c31=&quot;&quot; class=&quot;ngx-spinner-overlay ng-tns-c31-1 ng-trigger ng-trigger-fadeIn ng-star-inserted ng-animating&quot; style=&quot;background-color: rgba(51, 51, 51, 0.8); z-index: 99999; position: fixed;&quot;&gt;...&lt;/div&gt;&#10;  (Session info: chrome=122.0.6261.131)&#10;Build info: version: &apos;4.18.1&apos;, revision: &apos;b1d3319b48&apos;&#10;System info: os.name: &apos;Windows 10&apos;, os.arch: &apos;amd64&apos;, os.version: &apos;10.0&apos;, java.version: &apos;11.0.21&apos;&#10;Driver info: org.openqa.selenium.chrome.ChromeDriver&#10;Command: [8d1c1ab7fc6bcf84452540358234df02, clickElement {id=f.DD846E9E69051BA4B0D99A93E8063881.d.F095A88A786FB6774FC876AC9D14C8EB.e.93}]&#10;Capabilities {acceptInsecureCerts: false, browserName: chrome, browserVersion: 122.0.6261.131, chrome: {chromedriverVersion: 122.0.6261.128 (f18a44fedeb..., userDataDir: C:\Users\Abc\AppData\Local\...}, fedcm:accounts: true, goog:chromeOptions: {debuggerAddress: localhost:51432}, networkConnectionEnabled: false, pageLoadStrategy: normal, platformName: windows, proxy: Proxy(), se:cdp: ws://localhost:51432/devtoo..., se:cdpVersion: 122.0.6261.131, setWindowRect: true, strictFileInteractability: false, timeouts: {implicit: 0, pageLoad: 300000, script: 30000}, unhandledPromptBehavior: dismiss and notify, webauthn:extension:credBlob: true, webauthn:extension:largeBlob: true, webauthn:extension:minPinLength: true, webauthn:extension:prf: true, webauthn:virtualAuthenticators: true}&#10;Element: [[ChromeDriver: chrome on windows (8d1c1ab7fc6bcf84452540358234df02)] -&gt; css selector: button[routerlink*=&apos;dashboard/cart&apos;]]&#10;Session ID: 8d1c1ab7fc6bcf84452540358234df02" type="org.openqa.selenium.ElementClickInterceptedException"><![CDATA[org.openqa.selenium.ElementClickInterceptedException: 
element click intercepted: Element <button _ngcontent-ftj-c33="" routerlink="/dashboard/cart" class="btn btn-custom" style="margin-top: -10px;" tabindex="0">...</button> is not clickable at point (1107, 27). Other element would receive the click: <div _ngcontent-ftj-c31="" class="ngx-spinner-overlay ng-tns-c31-1 ng-trigger ng-trigger-fadeIn ng-star-inserted ng-animating" style="background-color: rgba(51, 51, 51, 0.8); z-index: 99999; position: fixed;">...</div>
  (Session info: chrome=122.0.6261.131)
Build info: version: '4.18.1', revision: 'b1d3319b48'
System info: os.name: 'Windows 10', os.arch: 'amd64', os.version: '10.0', java.version: '11.0.21'
Driver info: org.openqa.selenium.chrome.ChromeDriver
Command: [8d1c1ab7fc6bcf84452540358234df02, clickElement {id=f.DD846E9E69051BA4B0D99A93E8063881.d.F095A88A786FB6774FC876AC9D14C8EB.e.93}]
Capabilities {acceptInsecureCerts: false, browserName: chrome, browserVersion: 122.0.6261.131, chrome: {chromedriverVersion: 122.0.6261.128 (f18a44fedeb..., userDataDir: C:\Users\Abc\AppData\Local\...}, fedcm:accounts: true, goog:chromeOptions: {debuggerAddress: localhost:51432}, networkConnectionEnabled: false, pageLoadStrategy: normal, platformName: windows, proxy: Proxy(), se:cdp: ws://localhost:51432/devtoo..., se:cdpVersion: 122.0.6261.131, setWindowRect: true, strictFileInteractability: false, timeouts: {implicit: 0, pageLoad: 300000, script: 30000}, unhandledPromptBehavior: dismiss and notify, webauthn:extension:credBlob: true, webauthn:extension:largeBlob: true, webauthn:extension:minPinLength: true, webauthn:extension:prf: true, webauthn:virtualAuthenticators: true}
Element: [[ChromeDriver: chrome on windows (8d1c1ab7fc6bcf84452540358234df02)] -> css selector: button[routerlink*='dashboard/cart']]
Session ID: 8d1c1ab7fc6bcf84452540358234df02
	at UIAutomation.SubmitOrderTest.submitOrder(SubmitOrderTest.java:24)
]]></failure>
  </testcase>
  <testcase name="verifyProductInOrderList" classname="UIAutomation.SubmitOrderTest" time="0">
    <skipped message="Method UIAutomation.SubmitOrderTest.verifyProductInOrderList() on instance UIAutomation.SubmitOrderTest@181e731e depends on not successfully finished methods &#10;[UIAutomation.SubmitOrderTest.submitOrder() on instance UIAutomation.SubmitOrderTest@181e731e]"/>
  </testcase>
  <testcase name="productErrorValidation" classname="UIAutomation.ErrorValidationTest" time="0">
    <skipped message="expected [true] but found [false]"/>
  </testcase>
  <testcase name="productErrorValidation" classname="UIAutomation.ErrorValidationTest" time="0">
    <skipped message="expected [true] but found [false]"/>
  </testcase>
  <testcase name="productErrorValidation" classname="UIAutomation.ErrorValidationTest" time="14.389">
    <failure message="expected [true] but found [false]" type="java.lang.AssertionError">java.lang.AssertionError: expected [true] but found [false]
	at UIAutomation.ErrorValidationTest.productErrorValidation(ErrorValidationTest.java:35)
</failure>
  </testcase>
</testsuite>